Determining if the pthread_create exist failed with the following output:
Change Dir: /home/leon/sandbox/leon/ROS/catkin_ws/build/CMakeFiles/CMakeTmp

Run Build Command:/usr/bin/make "cmTryCompileExec327752071/fast"
/usr/bin/make -f CMakeFiles/cmTryCompileExec327752071.dir/build.make CMakeFiles/cmTryCompileExec327752071.dir/build
make[1]: Entering directory `/home/leon/sandbox/leon/ROS/catkin_ws/build/CMakeFiles/CMakeTmp'
/usr/bin/cmake -E cmake_progress_report /home/leon/sandbox/leon/ROS/catkin_ws/build/CMakeFiles/CMakeTmp/CMakeFiles 1
Building C object CMakeFiles/cmTryCompileExec327752071.dir/CheckSymbolExists.c.o
/usr/bin/cc    -o CMakeFiles/cmTryCompileExec327752071.dir/CheckSymbolExists.c.o   -c /home/leon/sandbox/leon/ROS/catkin_ws/build/CMakeFiles/CMakeTmp/CheckSymbolExists.c
Linking C executable cmTryCompileExec327752071
/usr/bin/cmake -E cmake_link_script CMakeFiles/cmTryCompileExec327752071.dir/link.txt --verbose=1
/usr/bin/cc       CMakeFiles/cmTryCompileExec327752071.dir/CheckSymbolExists.c.o  -o cmTryCompileExec327752071 -rdynamic 
CMakeFiles/cmTryCompileExec327752071.dir/CheckSymbolExists.c.o: In function `main':
CheckSymbolExists.c:(.text+0x16): undefined reference to `pthread_create'
collect2: error: ld returned 1 exit status
make[1]: *** [cmTryCompileExec327752071] Error 1
make[1]: Leaving directory `/home/leon/sandbox/leon/ROS/catkin_ws/build/CMakeFiles/CMakeTmp'
make: *** [cmTryCompileExec327752071/fast] Error 2

File /home/leon/sandbox/leon/ROS/catkin_ws/build/CMakeFiles/CMakeTmp/CheckSymbolExists.c:
/* */
#include <pthread.h>

int main(int argc, char** argv)
{
  (void)argv;
#ifndef pthread_create
  return ((int*)(&pthread_create))[argc];
#else
  (void)argc;
  return 0;
#endif
}

Determining if the function pthread_create exists in the pthreads failed with the following output:
Change Dir: /home/leon/sandbox/leon/ROS/catkin_ws/build/CMakeFiles/CMakeTmp

Run Build Command:/usr/bin/make "cmTryCompileExec2287154078/fast"
/usr/bin/make -f CMakeFiles/cmTryCompileExec2287154078.dir/build.make CMakeFiles/cmTryCompileExec2287154078.dir/build
make[1]: Entering directory `/home/leon/sandbox/leon/ROS/catkin_ws/build/CMakeFiles/CMakeTmp'
/usr/bin/cmake -E cmake_progress_report /home/leon/sandbox/leon/ROS/catkin_ws/build/CMakeFiles/CMakeTmp/CMakeFiles 1
Building C object CMakeFiles/cmTryCompileExec2287154078.dir/CheckFunctionExists.c.o
/usr/bin/cc   -DCHECK_FUNCTION_EXISTS=pthread_create   -o CMakeFiles/cmTryCompileExec2287154078.dir/CheckFunctionExists.c.o   -c /usr/share/cmake-2.8/Modules/CheckFunctionExists.c
Linking C executable cmTryCompileExec2287154078
/usr/bin/cmake -E cmake_link_script CMakeFiles/cmTryCompileExec2287154078.dir/link.txt --verbose=1
/usr/bin/cc   -DCHECK_FUNCTION_EXISTS=pthread_create    CMakeFiles/cmTryCompileExec2287154078.dir/CheckFunctionExists.c.o  -o cmTryCompileExec2287154078 -rdynamic -lpthreads 
/usr/bin/ld: cannot find -lpthreads
collect2: error: ld returned 1 exit status
make[1]: *** [cmTryCompileExec2287154078] Error 1
make[1]: Leaving directory `/home/leon/sandbox/leon/ROS/catkin_ws/build/CMakeFiles/CMakeTmp'
make: *** [cmTryCompileExec2287154078/fast] Error 2


