Determining if the pthread_create exist failed with the following output:
Change Dir: /home/julian/sandbox/jpham18/ROS/catkin_ws/build/CMakeFiles/CMakeTmp

Run Build Command:/usr/bin/make "cmTryCompileExec3422623933/fast"
/usr/bin/make -f CMakeFiles/cmTryCompileExec3422623933.dir/build.make CMakeFiles/cmTryCompileExec3422623933.dir/build
make[1]: Entering directory `/home/julian/sandbox/jpham18/ROS/catkin_ws/build/CMakeFiles/CMakeTmp'
/usr/bin/cmake -E cmake_progress_report /home/julian/sandbox/jpham18/ROS/catkin_ws/build/CMakeFiles/CMakeTmp/CMakeFiles 1
Building C object CMakeFiles/cmTryCompileExec3422623933.dir/CheckSymbolExists.c.o
/usr/bin/cc    -o CMakeFiles/cmTryCompileExec3422623933.dir/CheckSymbolExists.c.o   -c /home/julian/sandbox/jpham18/ROS/catkin_ws/build/CMakeFiles/CMakeTmp/CheckSymbolExists.c
Linking C executable cmTryCompileExec3422623933
/usr/bin/cmake -E cmake_link_script CMakeFiles/cmTryCompileExec3422623933.dir/link.txt --verbose=1
/usr/bin/cc       CMakeFiles/cmTryCompileExec3422623933.dir/CheckSymbolExists.c.o  -o cmTryCompileExec3422623933 -rdynamic 
CMakeFiles/cmTryCompileExec3422623933.dir/CheckSymbolExists.c.o: In function `main':
CheckSymbolExists.c:(.text+0x16): undefined reference to `pthread_create'
collect2: error: ld returned 1 exit status
make[1]: *** [cmTryCompileExec3422623933] Error 1
make[1]: Leaving directory `/home/julian/sandbox/jpham18/ROS/catkin_ws/build/CMakeFiles/CMakeTmp'
make: *** [cmTryCompileExec3422623933/fast] Error 2

File /home/julian/sandbox/jpham18/ROS/catkin_ws/build/CMakeFiles/CMakeTmp/CheckSymbolExists.c:
/* */
#include <pthread.h>

int main(int argc, char** argv)
{
  (void)argv;
#ifndef pthread_create
  return ((int*)(&pthread_create))[argc];
#else
  (void)argc;
  return 0;
#endif
}

Determining if the function pthread_create exists in the pthreads failed with the following output:
Change Dir: /home/julian/sandbox/jpham18/ROS/catkin_ws/build/CMakeFiles/CMakeTmp

Run Build Command:/usr/bin/make "cmTryCompileExec1320093221/fast"
/usr/bin/make -f CMakeFiles/cmTryCompileExec1320093221.dir/build.make CMakeFiles/cmTryCompileExec1320093221.dir/build
make[1]: Entering directory `/home/julian/sandbox/jpham18/ROS/catkin_ws/build/CMakeFiles/CMakeTmp'
/usr/bin/cmake -E cmake_progress_report /home/julian/sandbox/jpham18/ROS/catkin_ws/build/CMakeFiles/CMakeTmp/CMakeFiles 1
Building C object CMakeFiles/cmTryCompileExec1320093221.dir/CheckFunctionExists.c.o
/usr/bin/cc   -DCHECK_FUNCTION_EXISTS=pthread_create   -o CMakeFiles/cmTryCompileExec1320093221.dir/CheckFunctionExists.c.o   -c /usr/share/cmake-2.8/Modules/CheckFunctionExists.c
Linking C executable cmTryCompileExec1320093221
/usr/bin/cmake -E cmake_link_script CMakeFiles/cmTryCompileExec1320093221.dir/link.txt --verbose=1
/usr/bin/cc   -DCHECK_FUNCTION_EXISTS=pthread_create    CMakeFiles/cmTryCompileExec1320093221.dir/CheckFunctionExists.c.o  -o cmTryCompileExec1320093221 -rdynamic -lpthreads 
/usr/bin/ld: cannot find -lpthreads
collect2: error: ld returned 1 exit status
make[1]: *** [cmTryCompileExec1320093221] Error 1
make[1]: Leaving directory `/home/julian/sandbox/jpham18/ROS/catkin_ws/build/CMakeFiles/CMakeTmp'
make: *** [cmTryCompileExec1320093221/fast] Error 2


